#-----------------------------------------------------------
# Vivado v2020.2 (64-bit)
# SW Build 3064766 on Wed Nov 18 09:12:45 MST 2020
# IP Build 3064653 on Wed Nov 18 14:17:31 MST 2020
# Start of session at: Tue Mar 21 18:34:13 2023
# Process ID: 7176
# Current directory: C:/Users/mauro/Desktop/LAB1-KittCar
# Command line: vivado.exe -gui_launcher_event rodinguilauncherevent32664 C:\Users\mauro\Desktop\LAB1-KittCar\LAB1-KittCar.xpr
# Log file: C:/Users/mauro/Desktop/LAB1-KittCar/vivado.log
# Journal file: C:/Users/mauro/Desktop/LAB1-KittCar\vivado.jou
#-----------------------------------------------------------
start_gui
open_project C:/Users/mauro/Desktop/LAB1-KittCar/LAB1-KittCar.xpr
WARNING: [filemgmt 56-3] Default IP Output Path : Could not find the directory 'C:/Users/mauro/Desktop/LAB1-KittCar/LAB1-KittCar.gen/sources_1'.
Scanning sources...
Finished scanning sources
INFO: [IP_Flow 19-234] Refreshing IP repositories
INFO: [IP_Flow 19-1704] No user IP repositories specified
INFO: [IP_Flow 19-2313] Loaded Vivado IP repository 'D:/Vivado/Vivado/2020.2/data/ip'.
open_project: Time (s): cpu = 00:00:17 ; elapsed = 00:00:14 . Memory (MB): peak = 1231.078 ; gain = 0.000
update_compile_order -fileset sources_1
exit
INFO: [Common 17-206] Exiting Vivado at Wed Mar 22 10:35:18 2023...
gain = 0.000
update_compile_order -fileset sources_1
export_ip_user_files -of_objects  [get_files C:/Users/mauro/Documents/Github/LAB1_DESD/ShiftRegisterSIPOv2.vhd] -no_script -reset -force -quiet
remove_files  C:/Users/mauro/Documents/Github/LAB1_DESD/ShiftRegisterSIPOv2.vhd
export_ip_user_files -of_objects  [get_files C:/Users/mauro/Documents/Github/LAB1_DESD/KittCar_entity.vhd] -no_script -reset -force -quiet
remove_files  C:/Users/mauro/Documents/Github/LAB1_DESD/KittCar_entity.vhd
remove_files  C:/Users/mauro/Documents/Github/LAB1_DESD/KittCar_entity.vhd
WARNING: [Vivado 12-818] No files matched 'C:/Users/mauro/Documents/Github/LAB1_DESD/KittCar_entity.vhd'
add_files -norecurse C:/Users/mauro/Documents/Github/LAB1_DESD/ShiftPWM.vhd
update_compile_order -fileset sources_1
update_compile_order -fileset sources_1
add_files -norecurse {C:/Users/mauro/Documents/Github/LAB1_DESD/PulseWidthModulator.vhd C:/Users/mauro/Documents/Github/LAB1_DESD/KittCar_entity.vhd}
update_compile_order -fileset sources_1
exit
INFO: [Common 17-206] Exiting Vivado at Wed Mar 22 10:35:20 2023...
